app/build/outputs/logs/manifest-merger-debug-report.txt
-- Merging decision tree log ---
manifest
ADDED from src\main\AndroidManifest.xml:2:1-21:12
	xmlns:android
		ADDED from src\main\AndroidManifest.xml:2:11-69
	package
		ADDED from src\main\AndroidManifest.xml:3:7-37
		INJECTED from src\main\AndroidManifest.xml
		INJECTED from src\main\AndroidManifest.xml
	android:versionName
		ADDED from src\main\AndroidManifest.xml:4:31-56
		INJECTED from src\main\AndroidManifest.xml
		INJECTED from src\main\AndroidManifest.xml
	android:versionCode
		ADDED from src\main\AndroidManifest.xml:4:7-30
		INJECTED from src\main\AndroidManifest.xml
		INJECTED from src\main\AndroidManifest.xml
application
ADDED from src\main\AndroidManifest.xml:5:5-17:19
	android:label
		ADDED from src\main\AndroidManifest.xml:5:48-80
	android:debuggable
		ADDED from src\main\AndroidManifest.xml:5:81-106
	android:icon
		ADDED from src\main\AndroidManifest.xml:5:18-47
activity#com.zokama.androlirc.AndrolircMain
ADDED from src\main\AndroidManifest.xml:6:9-15:20
	android:screenOrientation
		ADDED from src\main\AndroidManifest.xml:10:4-40
	android:label
		ADDED from src\main\AndroidManifest.xml:7:13-45
	android:configChanges
		ADDED from src\main\AndroidManifest.xml:9:4-39
	android:name
		ADDED from src\main\AndroidManifest.xml:6:19-48
	android:launchMode
		ADDED from src\main\AndroidManifest.xml:8:4-35
intent-filter#android.intent.action.MAIN+android.intent.category.LAUNCHER
ADDED from src\main\AndroidManifest.xml:11:13-14:29
action#android.intent.action.MAIN
ADDED from src\main\AndroidManifest.xml:12:17-69
	android:name
		ADDED from src\main\AndroidManifest.xml:12:25-66
category#android.intent.category.LAUNCHER
ADDED from src\main\AndroidManifest.xml:13:17-77
	android:name
		ADDED from src\main\AndroidManifest.xml:13:27-74
uses-permission#android.permission.WRITE_EXTERNAL_STORAGE
ADDED from src\main\AndroidManifest.xml:19:1-76
	android:name
		ADDED from src\main\AndroidManifest.xml:19:18-74
uses-sdk
ADDED from src\main\AndroidManifest.xml:20:1-48
	android:targetSdkVersion
		INJECTED from src\main\AndroidManifest.xml
		INJECTED from src\main\AndroidManifest.xml
	android:minSdkVersion
		ADDED from src\main\AndroidManifest.xml:20:11-36
		INJECTED from src\main\AndroidManifest.xml
		INJECTED from src\main\AndroidManifest.xml